{"level":"error","message":"test"}
{"level":"info","message":"Starting frame splitting..."}
{"level":"info","message":"Cleard temp files"}
{"level":"info","message":"Cleard temp files"}
{"level":"info","message":"Starting frame splitting..."}
{"level":"info","message":"Cleard temp files"}
{"level":"info","message":"Starting frame splitting..."}
{"level":"info","message":"Cleard temp files"}
{"level":"info","message":"Finished frame splitting"}
{"level":"info","message":"Starting frame splitting..."}
{"level":"info","message":"Cleard temp files"}
{"level":"info","message":"Finished frame splitting"}
{"level":"info","message":"Starting frame splitting..."}
{"level":"info","message":"Cleard temp files"}
{"level":"info","message":"Finished frame splitting"}
{"level":"info","message":"Cleard temp files"}
{"level":"info","message":"Starting frame splitting..."}
{"level":"info","message":"Finished frame splitting"}
{"level":"info","message":"Cleard temp files"}
{"level":"info","message":"Starting frame splitting..."}
{"level":"info","message":"Finished frame splitting"}
{"level":"info","message":"Cleard temp files"}
{"level":"info","message":"Starting frame splitting..."}
{"level":"info","message":"Finished frame splitting"}
{"level":"info","message":"Cleard temp files"}
{"level":"info","message":"Starting frame splitting..."}
{"level":"info","message":"Finished frame splitting"}
{"level":"info","message":"Cleard temp files"}
{"level":"info","message":"Starting frame splitting..."}
{"level":"info","message":"Finished frame splitting"}
{"level":"info","message":"Cleard temp files"}
{"level":"info","message":"Starting frame splitting..."}
{"level":"info","message":"Finished frame splitting"}
{"level":"info","message":"Cleard temp files"}
{"level":"info","message":"Starting frame splitting..."}
{"level":"info","message":"Finished frame splitting"}
{"level":"info","message":"Cleard temp files"}
{"level":"info","message":"Starting frame splitting..."}
{"level":"info","message":"Finished frame splitting"}
{"level":"info","message":"Cleard temp files"}
{"level":"info","message":"Starting frame splitting..."}
{"level":"info","message":"Finished frame splitting"}
{"level":"info","message":"Cleard temp files"}
{"level":"info","message":"Starting frame splitting..."}
{"level":"info","message":"Finished frame splitting"}
{"level":"info","message":"Cleard temp files"}
{"level":"info","message":"Starting frame splitting..."}
{"level":"info","message":"Finished frame splitting"}
{"level":"info","message":"Cleard temp files"}
{"level":"info","message":"Starting frame splitting..."}
{"level":"info","message":"Finished frame splitting"}
{"level":"info","message":"Cleard temp files"}
{"level":"info","message":"Starting frame splitting..."}
{"level":"info","message":"Finished frame splitting"}
{"level":"info","message":"Cleard temp files"}
{"level":"info","message":"Starting frame splitting..."}
{"level":"info","message":"Finished frame splitting"}
{"level":"info","message":"Cleard temp files"}
{"level":"info","message":"Starting frame splitting..."}
{"level":"info","message":"Finished frame splitting"}
{"level":"info","message":"Cleard temp files"}
{"level":"info","message":"Starting frame splitting..."}
{"level":"info","message":"Finished frame splitting"}
{"level":"info","message":"Cleard temp files"}
{"level":"info","message":"Starting frame splitting..."}
{"level":"info","message":"Finished frame splitting"}
{"level":"info","message":"Cleard temp files"}
{"level":"info","message":"Starting frame splitting..."}
{"level":"info","message":"Finished frame splitting"}
{"level":"info","message":"Cleard temp files"}
{"level":"info","message":"Starting frame splitting..."}
{"level":"info","message":"Finished frame splitting"}
{"level":"info","message":"Cleard temp files"}
{"level":"info","message":"Starting frame splitting..."}
{"level":"info","message":"Finished frame splitting"}
{"level":"info","message":"Start creating animation frames..."}
{"level":"info","message":"Cleard temp files"}
{"level":"info","message":"Starting frame splitting..."}
{"level":"info","message":"Cleard temp files"}
{"level":"info","message":"Starting frame splitting..."}
{"level":"info","message":"Finished frame splitting"}
{"level":"info","message":"Start creating animation frames..."}
{"level":"info","message":"Cleard temp files"}
{"level":"info","message":"Starting frame splitting..."}
{"level":"info","message":"Finished frame splitting"}
{"level":"info","message":"Start creating animation frames..."}
{"level":"info","message":"Processed image: `${i}.png`"}
{"level":"info","message":"Cleard temp files"}
{"level":"info","message":"Starting frame splitting..."}
{"level":"info","message":"Finished frame splitting"}
{"level":"info","message":"Start creating animation frames..."}
{"level":"info","message":"Processed image: `${i}.png`"}
{"level":"info","message":"Processed image: `${i}.png`"}
{"level":"info","message":"Processed image: `${i}.png`"}
{"level":"info","message":"Processed image: `${i}.png`"}
{"level":"info","message":"Processed image: `${i}.png`"}
{"level":"info","message":"Processed image: `${i}.png`"}
{"level":"info","message":"Processed image: `${i}.png`"}
{"level":"info","message":"Processed image: `${i}.png`"}
{"level":"info","message":"Processed image: `${i}.png`"}
{"level":"info","message":"Processed image: `${i}.png`"}
{"level":"info","message":"Processed image: `${i}.png`"}
{"level":"info","message":"Processed image: `${i}.png`"}
{"level":"info","message":"Processed image: `${i}.png`"}
{"level":"info","message":"Processed image: `${i}.png`"}
{"level":"info","message":"Processed image: `${i}.png`"}
{"level":"info","message":"Processed image: `${i}.png`"}
{"level":"info","message":"Processed image: `${i}.png`"}
{"level":"info","message":"Processed image: `${i}.png`"}
{"level":"info","message":"Processed image: `${i}.png`"}
{"level":"info","message":"Processed image: `${i}.png`"}
{"level":"info","message":"Processed image: `${i}.png`"}
{"level":"info","message":"Processed image: `${i}.png`"}
{"level":"info","message":"Processed image: `${i}.png`"}
{"level":"info","message":"Processed image: `${i}.png`"}
{"level":"info","message":"Processed image: `${i}.png`"}
{"level":"info","message":"Processed image: `${i}.png`"}
{"level":"info","message":"Processed image: `${i}.png`"}
{"level":"info","message":"Processed image: `${i}.png`"}
{"level":"info","message":"Processed image: `${i}.png`"}
{"level":"info","message":"Processed image: `${i}.png`"}
{"level":"info","message":"Processed image: `${i}.png`"}
{"level":"info","message":"Processed image: `${i}.png`"}
{"level":"info","message":"Processed image: `${i}.png`"}
{"level":"info","message":"Processed image: `${i}.png`"}
{"level":"info","message":"Processed image: `${i}.png`"}
{"level":"info","message":"Processed image: `${i}.png`"}
{"level":"info","message":"Processed image: `${i}.png`"}
{"level":"info","message":"Processed image: `${i}.png`"}
{"level":"info","message":"Processed image: `${i}.png`"}
{"level":"info","message":"Processed image: `${i}.png`"}
{"level":"info","message":"Processed image: `${i}.png`"}
{"level":"info","message":"Processed image: `${i}.png`"}
{"level":"info","message":"Processed image: `${i}.png`"}
{"level":"info","message":"Processed image: `${i}.png`"}
{"level":"info","message":"Processed image: `${i}.png`"}
{"level":"info","message":"Processed image: `${i}.png`"}
{"level":"info","message":"Processed image: `${i}.png`"}
{"level":"info","message":"Processed image: `${i}.png`"}
{"level":"info","message":"Processed image: `${i}.png`"}
{"level":"info","message":"Processed image: `${i}.png`"}
{"level":"info","message":"Processed image: `${i}.png`"}
{"level":"info","message":"Processed image: `${i}.png`"}
{"level":"info","message":"Processed image: `${i}.png`"}
{"level":"info","message":"Processed image: `${i}.png`"}
{"level":"info","message":"Processed image: `${i}.png`"}
{"level":"info","message":"Processed image: `${i}.png`"}
{"level":"info","message":"Processed image: `${i}.png`"}
{"level":"info","message":"Processed image: `${i}.png`"}
{"level":"info","message":"Processed image: `${i}.png`"}
{"level":"info","message":"Processed image: `${i}.png`"}
{"level":"info","message":"Processed image: `${i}.png`"}
{"level":"info","message":"Processed image: `${i}.png`"}
{"level":"info","message":"Processed image: `${i}.png`"}
{"level":"info","message":"Processed image: `${i}.png`"}
{"level":"info","message":"Processed image: `${i}.png`"}
{"level":"info","message":"Processed image: `${i}.png`"}
{"level":"info","message":"Processed image: `${i}.png`"}
{"level":"info","message":"Processed image: `${i}.png`"}
{"level":"info","message":"Processed image: `${i}.png`"}
{"level":"info","message":"Processed image: `${i}.png`"}
{"level":"info","message":"Processed image: `${i}.png`"}
{"level":"info","message":"Processed image: `${i}.png`"}
{"level":"info","message":"Processed image: `${i}.png`"}
{"level":"info","message":"Processed image: `${i}.png`"}
{"level":"info","message":"Processed image: `${i}.png`"}
{"level":"info","message":"Processed image: `${i}.png`"}
{"level":"info","message":"Processed image: `${i}.png`"}
{"level":"info","message":"Processed image: `${i}.png`"}
{"level":"info","message":"Processed image: `${i}.png`"}
{"level":"info","message":"Processed image: `${i}.png`"}
{"level":"info","message":"Processed image: `${i}.png`"}
{"level":"info","message":"Processed image: `${i}.png`"}
{"level":"info","message":"Processed image: `${i}.png`"}
{"level":"info","message":"Processed image: `${i}.png`"}
{"level":"info","message":"Processed image: `${i}.png`"}
{"level":"info","message":"Processed image: `${i}.png`"}
{"level":"info","message":"Processed image: `${i}.png`"}
{"level":"info","message":"Processed image: `${i}.png`"}
{"level":"info","message":"Processed image: `${i}.png`"}
{"level":"info","message":"Processed image: `${i}.png`"}
{"level":"info","message":"Processed image: `${i}.png`"}
{"level":"info","message":"Processed image: `${i}.png`"}
{"level":"info","message":"Processed image: `${i}.png`"}
{"level":"info","message":"Processed image: `${i}.png`"}
{"level":"info","message":"Processed image: `${i}.png`"}
{"level":"info","message":"Processed image: `${i}.png`"}
{"level":"info","message":"Processed image: `${i}.png`"}
{"level":"info","message":"Processed image: `${i}.png`"}
{"level":"info","message":"Processed image: `${i}.png`"}
{"level":"info","message":"Processed image: `${i}.png`"}
{"level":"info","message":"Processed image: `${i}.png`"}
{"level":"info","message":"Processed image: `${i}.png`"}
{"level":"info","message":"Processed image: `${i}.png`"}
{"level":"info","message":"Processed image: `${i}.png`"}
{"level":"info","message":"Processed image: `${i}.png`"}
{"level":"info","message":"Processed image: `${i}.png`"}
{"level":"info","message":"Processed image: `${i}.png`"}
{"level":"info","message":"Processed image: `${i}.png`"}
{"level":"info","message":"Processed image: `${i}.png`"}
{"level":"info","message":"Processed image: `${i}.png`"}
{"level":"info","message":"Processed image: `${i}.png`"}
{"level":"info","message":"Processed image: `${i}.png`"}
{"level":"info","message":"Processed image: `${i}.png`"}
{"level":"info","message":"Processed image: `${i}.png`"}
{"level":"info","message":"Processed image: `${i}.png`"}
{"level":"info","message":"Processed image: `${i}.png`"}
{"level":"info","message":"Processed image: `${i}.png`"}
{"level":"info","message":"Processed image: `${i}.png`"}
{"level":"info","message":"Processed image: `${i}.png`"}
{"level":"info","message":"Processed image: `${i}.png`"}
{"level":"info","message":"Processed image: `${i}.png`"}
{"level":"info","message":"Processed image: `${i}.png`"}
{"level":"info","message":"Processed image: `${i}.png`"}
{"level":"info","message":"Processed image: `${i}.png`"}
{"level":"info","message":"Processed image: `${i}.png`"}
{"level":"info","message":"Processed image: `${i}.png`"}
{"level":"info","message":"Processed image: `${i}.png`"}
{"level":"info","message":"Processed image: `${i}.png`"}
{"level":"info","message":"Processed image: `${i}.png`"}
{"level":"info","message":"Processed image: `${i}.png`"}
{"level":"info","message":"Processed image: `${i}.png`"}
{"level":"info","message":"Processed image: `${i}.png`"}
{"level":"info","message":"Processed image: `${i}.png`"}
{"level":"info","message":"Processed image: `${i}.png`"}
{"level":"info","message":"Processed image: `${i}.png`"}
{"level":"info","message":"Processed image: `${i}.png`"}
{"level":"info","message":"Processed image: `${i}.png`"}
{"level":"info","message":"Processed image: `${i}.png`"}
{"level":"info","message":"Processed image: `${i}.png`"}
{"level":"info","message":"Processed image: `${i}.png`"}
{"level":"info","message":"Processed image: `${i}.png`"}
{"level":"info","message":"Processed image: `${i}.png`"}
{"level":"info","message":"Processed image: `${i}.png`"}
{"level":"info","message":"Processed image: `${i}.png`"}
{"level":"info","message":"Processed image: `${i}.png`"}
{"level":"info","message":"Processed image: `${i}.png`"}
{"level":"info","message":"Processed image: `${i}.png`"}
{"level":"info","message":"Processed image: `${i}.png`"}
{"level":"info","message":"Processed image: `${i}.png`"}
{"level":"info","message":"Processed image: `${i}.png`"}
{"level":"info","message":"Processed image: `${i}.png`"}
{"level":"info","message":"Processed image: `${i}.png`"}
{"level":"info","message":"Processed image: `${i}.png`"}
{"level":"info","message":"Processed image: `${i}.png`"}
{"level":"info","message":"Processed image: `${i}.png`"}
{"level":"info","message":"Processed image: `${i}.png`"}
{"level":"info","message":"Processed image: `${i}.png`"}
{"level":"info","message":"Processed image: `${i}.png`"}
{"level":"info","message":"Processed image: `${i}.png`"}
{"level":"info","message":"Processed image: `${i}.png`"}
{"level":"info","message":"Processed image: `${i}.png`"}
{"level":"info","message":"Processed image: `${i}.png`"}
{"level":"info","message":"Processed image: `${i}.png`"}
{"level":"info","message":"Processed image: `${i}.png`"}
{"level":"info","message":"Processed image: `${i}.png`"}
{"level":"info","message":"Processed image: `${i}.png`"}
{"level":"info","message":"Processed image: `${i}.png`"}
{"level":"info","message":"Processed image: `${i}.png`"}
{"level":"info","message":"Processed image: `${i}.png`"}
{"level":"info","message":"Processed image: `${i}.png`"}
{"level":"info","message":"Processed image: `${i}.png`"}
{"level":"info","message":"Processed image: `${i}.png`"}
{"level":"info","message":"Processed image: `${i}.png`"}
{"level":"info","message":"Processed image: `${i}.png`"}
{"level":"info","message":"Finished creating animation frames"}
{"level":"info","message":"Cleard temp files"}
{"level":"info","message":"Starting frame splitting..."}
{"level":"info","message":"Finished frame splitting"}
{"level":"info","message":"Starting frame splitting..."}
{"level":"info","message":"Cleard temp files"}
{"level":"info","message":"Finished frame splitting"}
{"level":"info","message":"Start creating animation frames..."}
{"level":"info","message":"Processed image: 1.png"}
{"level":"info","message":"Processed image: 2.png"}
{"level":"info","message":"Processed image: 3.png"}
{"level":"info","message":"Processed image: 4.png"}
{"level":"info","message":"Processed image: 5.png"}
{"level":"info","message":"Processed image: 6.png"}
{"level":"info","message":"Processed image: 7.png"}
{"level":"info","message":"Processed image: 8.png"}
{"level":"info","message":"Processed image: 9.png"}
{"level":"info","message":"Processed image: 10.png"}
{"level":"info","message":"Processed image: 11.png"}
{"level":"info","message":"Processed image: 12.png"}
{"level":"info","message":"Processed image: 13.png"}
{"level":"info","message":"Processed image: 14.png"}
{"level":"info","message":"Processed image: 15.png"}
{"level":"info","message":"Processed image: 16.png"}
{"level":"info","message":"Processed image: 17.png"}
{"level":"info","message":"Processed image: 18.png"}
{"level":"info","message":"Processed image: 19.png"}
{"level":"info","message":"Processed image: 20.png"}
{"level":"info","message":"Processed image: 21.png"}
{"level":"info","message":"Processed image: 22.png"}
{"level":"info","message":"Processed image: 23.png"}
{"level":"info","message":"Processed image: 24.png"}
{"level":"info","message":"Processed image: 25.png"}
{"level":"info","message":"Processed image: 26.png"}
{"level":"info","message":"Processed image: 27.png"}
{"level":"info","message":"Processed image: 28.png"}
{"level":"info","message":"Processed image: 29.png"}
{"level":"info","message":"Processed image: 30.png"}
{"level":"info","message":"Processed image: 31.png"}
{"level":"info","message":"Processed image: 32.png"}
{"level":"info","message":"Processed image: 33.png"}
{"level":"info","message":"Processed image: 34.png"}
{"level":"info","message":"Processed image: 35.png"}
{"level":"info","message":"Processed image: 36.png"}
{"level":"info","message":"Processed image: 37.png"}
{"level":"info","message":"Processed image: 38.png"}
{"level":"info","message":"Processed image: 39.png"}
{"level":"info","message":"Processed image: 40.png"}
{"level":"info","message":"Processed image: 41.png"}
{"level":"info","message":"Processed image: 42.png"}
{"level":"info","message":"Processed image: 43.png"}
{"level":"info","message":"Processed image: 44.png"}
{"level":"info","message":"Processed image: 45.png"}
{"level":"info","message":"Processed image: 46.png"}
{"level":"info","message":"Processed image: 47.png"}
{"level":"info","message":"Processed image: 48.png"}
{"level":"info","message":"Processed image: 49.png"}
{"level":"info","message":"Processed image: 50.png"}
{"level":"info","message":"Processed image: 51.png"}
{"level":"info","message":"Processed image: 52.png"}
{"level":"info","message":"Processed image: 53.png"}
{"level":"info","message":"Processed image: 54.png"}
{"level":"info","message":"Processed image: 55.png"}
{"level":"info","message":"Processed image: 56.png"}
{"level":"info","message":"Processed image: 57.png"}
{"level":"info","message":"Processed image: 58.png"}
{"level":"info","message":"Processed image: 59.png"}
{"level":"info","message":"Processed image: 60.png"}
{"level":"info","message":"Processed image: 61.png"}
{"level":"info","message":"Processed image: 62.png"}
{"level":"info","message":"Processed image: 63.png"}
{"level":"info","message":"Processed image: 64.png"}
{"level":"info","message":"Processed image: 65.png"}
{"level":"info","message":"Processed image: 66.png"}
{"level":"info","message":"Processed image: 67.png"}
{"level":"info","message":"Processed image: 68.png"}
{"level":"info","message":"Processed image: 69.png"}
{"level":"info","message":"Processed image: 70.png"}
{"level":"info","message":"Processed image: 71.png"}
{"level":"info","message":"Processed image: 72.png"}
{"level":"info","message":"Processed image: 73.png"}
{"level":"info","message":"Processed image: 74.png"}
{"level":"info","message":"Processed image: 75.png"}
{"level":"info","message":"Processed image: 76.png"}
{"level":"info","message":"Processed image: 77.png"}
{"level":"info","message":"Processed image: 78.png"}
{"level":"info","message":"Processed image: 79.png"}
{"level":"info","message":"Processed image: 80.png"}
{"level":"info","message":"Processed image: 81.png"}
{"level":"info","message":"Processed image: 82.png"}
{"level":"info","message":"Processed image: 83.png"}
{"level":"info","message":"Processed image: 84.png"}
{"level":"info","message":"Processed image: 85.png"}
{"level":"info","message":"Processed image: 86.png"}
{"level":"info","message":"Processed image: 87.png"}
{"level":"info","message":"Processed image: 88.png"}
{"level":"info","message":"Processed image: 89.png"}
{"level":"info","message":"Processed image: 90.png"}
{"level":"info","message":"Processed image: 91.png"}
{"level":"info","message":"Processed image: 92.png"}
{"level":"info","message":"Processed image: 93.png"}
{"level":"info","message":"Processed image: 94.png"}
{"level":"info","message":"Processed image: 95.png"}
{"level":"info","message":"Processed image: 96.png"}
{"level":"info","message":"Processed image: 97.png"}
{"level":"info","message":"Processed image: 98.png"}
{"level":"info","message":"Processed image: 99.png"}
{"level":"info","message":"Processed image: 100.png"}
{"level":"info","message":"Processed image: 101.png"}
{"level":"info","message":"Processed image: 102.png"}
{"level":"info","message":"Processed image: 103.png"}
{"level":"info","message":"Processed image: 104.png"}
{"level":"info","message":"Processed image: 105.png"}
{"level":"info","message":"Processed image: 106.png"}
{"level":"info","message":"Processed image: 107.png"}
{"level":"info","message":"Processed image: 108.png"}
{"level":"info","message":"Processed image: 109.png"}
{"level":"info","message":"Processed image: 110.png"}
{"level":"info","message":"Processed image: 111.png"}
{"level":"info","message":"Processed image: 112.png"}
{"level":"info","message":"Processed image: 113.png"}
{"level":"info","message":"Processed image: 114.png"}
{"level":"info","message":"Processed image: 115.png"}
{"level":"info","message":"Processed image: 116.png"}
{"level":"info","message":"Processed image: 117.png"}
{"level":"info","message":"Processed image: 118.png"}
{"level":"info","message":"Processed image: 119.png"}
{"level":"info","message":"Processed image: 120.png"}
{"level":"info","message":"Processed image: 121.png"}
{"level":"info","message":"Processed image: 122.png"}
{"level":"info","message":"Processed image: 123.png"}
{"level":"info","message":"Processed image: 124.png"}
{"level":"info","message":"Processed image: 125.png"}
{"level":"info","message":"Processed image: 126.png"}
{"level":"info","message":"Processed image: 127.png"}
{"level":"info","message":"Processed image: 128.png"}
{"level":"info","message":"Processed image: 129.png"}
{"level":"info","message":"Processed image: 130.png"}
{"level":"info","message":"Processed image: 131.png"}
{"level":"info","message":"Processed image: 132.png"}
{"level":"info","message":"Processed image: 133.png"}
{"level":"info","message":"Processed image: 134.png"}
{"level":"info","message":"Processed image: 135.png"}
{"level":"info","message":"Processed image: 136.png"}
{"level":"info","message":"Processed image: 137.png"}
{"level":"info","message":"Processed image: 138.png"}
{"level":"info","message":"Processed image: 139.png"}
{"level":"info","message":"Processed image: 140.png"}
{"level":"info","message":"Processed image: 141.png"}
{"level":"info","message":"Processed image: 142.png"}
{"level":"info","message":"Processed image: 143.png"}
{"level":"info","message":"Processed image: 144.png"}
{"level":"info","message":"Processed image: 145.png"}
{"level":"info","message":"Processed image: 146.png"}
{"level":"info","message":"Processed image: 147.png"}
{"level":"info","message":"Processed image: 148.png"}
{"level":"info","message":"Processed image: 149.png"}
{"level":"info","message":"Processed image: 150.png"}
{"level":"info","message":"Processed image: 151.png"}
{"level":"info","message":"Processed image: 152.png"}
{"level":"info","message":"Processed image: 153.png"}
{"level":"info","message":"Processed image: 154.png"}
{"level":"info","message":"Processed image: 155.png"}
{"level":"info","message":"Processed image: 156.png"}
{"level":"info","message":"Processed image: 157.png"}
{"level":"info","message":"Processed image: 158.png"}
{"level":"info","message":"Processed image: 159.png"}
{"level":"info","message":"Processed image: 160.png"}
{"level":"info","message":"Processed image: 161.png"}
{"level":"info","message":"Processed image: 162.png"}
{"level":"info","message":"Processed image: 163.png"}
{"level":"info","message":"Processed image: 164.png"}
{"level":"info","message":"Processed image: 165.png"}
{"level":"info","message":"Processed image: 166.png"}
{"level":"info","message":"Processed image: 167.png"}
{"level":"info","message":"Processed image: 168.png"}
{"level":"info","message":"Processed image: 169.png"}
{"level":"info","message":"Processed image: 170.png"}
{"level":"info","message":"Processed image: 171.png"}
{"level":"info","message":"Processed image: 172.png"}
{"level":"info","message":"Processed image: 173.png"}
{"level":"info","message":"Processed image: 174.png"}
{"level":"info","message":"Finished creating animation frames"}
{"level":"info","message":"Starting frame splitting..."}
{"level":"info","message":"Finished frame splitting"}
{"level":"info","message":"Start creating animation frames..."}
{"level":"info","message":"Processed image: 1.png"}
{"level":"info","message":"Processed image: 2.png"}
{"level":"info","message":"Processed image: 3.png"}
{"level":"info","message":"Processed image: 4.png"}
{"level":"info","message":"Processed image: 5.png"}
{"level":"info","message":"Processed image: 6.png"}
{"level":"info","message":"Processed image: 7.png"}
{"level":"info","message":"Processed image: 8.png"}
{"level":"info","message":"Processed image: 9.png"}
{"level":"info","message":"Processed image: 10.png"}
{"level":"info","message":"Processed image: 11.png"}
{"level":"info","message":"Processed image: 12.png"}
{"level":"info","message":"Processed image: 13.png"}
{"level":"info","message":"Processed image: 14.png"}
{"level":"info","message":"Processed image: 15.png"}
{"level":"info","message":"Processed image: 16.png"}
{"level":"info","message":"Processed image: 17.png"}
{"level":"info","message":"Processed image: 18.png"}
{"level":"info","message":"Processed image: 19.png"}
{"level":"info","message":"Processed image: 20.png"}
{"level":"info","message":"Processed image: 21.png"}
{"level":"info","message":"Processed image: 22.png"}
{"level":"info","message":"Processed image: 23.png"}
{"level":"info","message":"Processed image: 24.png"}
{"level":"info","message":"Processed image: 25.png"}
{"level":"info","message":"Processed image: 26.png"}
{"level":"info","message":"Processed image: 27.png"}
{"level":"info","message":"Processed image: 28.png"}
{"level":"info","message":"Processed image: 29.png"}
{"level":"info","message":"Processed image: 30.png"}
{"level":"info","message":"Processed image: 31.png"}
{"level":"info","message":"Processed image: 32.png"}
{"level":"info","message":"Processed image: 33.png"}
{"level":"info","message":"Processed image: 34.png"}
{"level":"info","message":"Processed image: 35.png"}
{"level":"info","message":"Processed image: 36.png"}
{"level":"info","message":"Processed image: 37.png"}
{"level":"info","message":"Processed image: 38.png"}
{"level":"info","message":"Processed image: 39.png"}
{"level":"info","message":"Processed image: 40.png"}
{"level":"info","message":"Processed image: 41.png"}
{"level":"info","message":"Processed image: 42.png"}
{"level":"info","message":"Processed image: 43.png"}
{"level":"info","message":"Processed image: 44.png"}
{"level":"info","message":"Processed image: 45.png"}
{"level":"info","message":"Processed image: 46.png"}
{"level":"info","message":"Processed image: 47.png"}
{"level":"info","message":"Processed image: 48.png"}
{"level":"info","message":"Processed image: 49.png"}
{"level":"info","message":"Processed image: 50.png"}
{"level":"info","message":"Processed image: 51.png"}
{"level":"info","message":"Processed image: 52.png"}
{"level":"info","message":"Processed image: 53.png"}
{"level":"info","message":"Processed image: 54.png"}
{"level":"info","message":"Processed image: 55.png"}
{"level":"info","message":"Processed image: 56.png"}
{"level":"info","message":"Processed image: 57.png"}
{"level":"info","message":"Processed image: 58.png"}
{"level":"info","message":"Processed image: 59.png"}
{"level":"info","message":"Processed image: 60.png"}
{"level":"info","message":"Processed image: 61.png"}
{"level":"info","message":"Processed image: 62.png"}
{"level":"info","message":"Processed image: 63.png"}
{"level":"info","message":"Processed image: 64.png"}
{"level":"info","message":"Processed image: 65.png"}
{"level":"info","message":"Processed image: 66.png"}
{"level":"info","message":"Processed image: 67.png"}
{"level":"info","message":"Processed image: 68.png"}
{"level":"info","message":"Processed image: 69.png"}
{"level":"info","message":"Processed image: 70.png"}
{"level":"info","message":"Processed image: 71.png"}
{"level":"info","message":"Processed image: 72.png"}
{"level":"info","message":"Processed image: 73.png"}
{"level":"info","message":"Processed image: 74.png"}
{"level":"info","message":"Processed image: 75.png"}
{"level":"info","message":"Processed image: 76.png"}
{"level":"info","message":"Processed image: 77.png"}
{"level":"info","message":"Processed image: 78.png"}
{"level":"info","message":"Processed image: 79.png"}
{"level":"info","message":"Processed image: 80.png"}
{"level":"info","message":"Processed image: 81.png"}
{"level":"info","message":"Processed image: 82.png"}
{"level":"info","message":"Processed image: 83.png"}
{"level":"info","message":"Processed image: 84.png"}
{"level":"info","message":"Processed image: 85.png"}
{"level":"info","message":"Processed image: 86.png"}
{"level":"info","message":"Processed image: 87.png"}
{"level":"info","message":"Processed image: 88.png"}
{"level":"info","message":"Processed image: 89.png"}
{"level":"info","message":"Processed image: 90.png"}
{"level":"info","message":"Processed image: 91.png"}
{"level":"info","message":"Processed image: 92.png"}
{"level":"info","message":"Processed image: 93.png"}
{"level":"info","message":"Processed image: 94.png"}
{"level":"info","message":"Processed image: 95.png"}
{"level":"info","message":"Processed image: 96.png"}
{"level":"info","message":"Processed image: 97.png"}
{"level":"info","message":"Processed image: 98.png"}
{"level":"info","message":"Processed image: 99.png"}
{"level":"info","message":"Processed image: 100.png"}
{"level":"info","message":"Processed image: 101.png"}
{"level":"info","message":"Processed image: 102.png"}
{"level":"info","message":"Processed image: 103.png"}
{"level":"info","message":"Processed image: 104.png"}
{"level":"info","message":"Processed image: 105.png"}
{"level":"info","message":"Processed image: 106.png"}
{"level":"info","message":"Processed image: 107.png"}
{"level":"info","message":"Cleard temp files"}
{"level":"info","message":"Starting frame splitting..."}
{"level":"info","message":"Cleard temp files"}
{"level":"info","message":"Cleard temp files"}
{"level":"info","message":"Starting frame splitting..."}
{"level":"info","message":"Finished frame splitting"}
{"level":"info","message":"Start creating animation frames..."}
{"level":"info","message":"Processed image: 1.png"}
{"level":"info","message":"Processed image: 2.png"}
{"level":"info","message":"Processed image: 3.png"}
{"level":"info","message":"Processed image: 4.png"}
{"level":"info","message":"Processed image: 5.png"}
{"level":"info","message":"Processed image: 6.png"}
{"level":"info","message":"Processed image: 7.png"}
{"level":"info","message":"Processed image: 8.png"}
{"level":"info","message":"Processed image: 9.png"}
{"level":"info","message":"Processed image: 10.png"}
{"level":"info","message":"Processed image: 11.png"}
{"level":"info","message":"Processed image: 12.png"}
{"level":"info","message":"Processed image: 13.png"}
{"level":"info","message":"Processed image: 14.png"}
{"level":"info","message":"Processed image: 15.png"}
{"level":"info","message":"Processed image: 16.png"}
{"level":"info","message":"Processed image: 17.png"}
{"level":"info","message":"Processed image: 18.png"}
{"level":"info","message":"Processed image: 19.png"}
{"level":"info","message":"Processed image: 20.png"}
{"level":"info","message":"Processed image: 21.png"}
{"level":"info","message":"Processed image: 22.png"}
{"level":"info","message":"Processed image: 23.png"}
{"level":"info","message":"Processed image: 24.png"}
{"level":"info","message":"Processed image: 25.png"}
{"level":"info","message":"Processed image: 26.png"}
{"level":"info","message":"Processed image: 27.png"}
{"level":"info","message":"Processed image: 28.png"}
{"level":"info","message":"Processed image: 29.png"}
{"level":"info","message":"Processed image: 30.png"}
{"level":"info","message":"Processed image: 31.png"}
{"level":"info","message":"Processed image: 32.png"}
{"level":"info","message":"Processed image: 33.png"}
{"level":"info","message":"Processed image: 34.png"}
{"level":"info","message":"Processed image: 35.png"}
{"level":"info","message":"Processed image: 36.png"}
{"level":"info","message":"Processed image: 37.png"}
{"level":"info","message":"Cleard temp files"}
{"level":"info","message":"Cleard temp files"}
{"level":"info","message":"Starting frame splitting..."}
{"level":"info","message":"Finished frame splitting"}
{"level":"info","message":"Start creating animation frames..."}
{"level":"info","message":"Processed image: 1.png"}
{"level":"info","message":"Processed image: 2.png"}
{"level":"info","message":"Processed image: 3.png"}
{"level":"info","message":"Processed image: 4.png"}
{"level":"info","message":"Processed image: 5.png"}
{"level":"info","message":"Processed image: 6.png"}
{"level":"info","message":"Processed image: 7.png"}
{"level":"info","message":"Processed image: 8.png"}
{"level":"info","message":"Processed image: 9.png"}
{"level":"info","message":"Processed image: 10.png"}
{"level":"info","message":"Processed image: 11.png"}
{"level":"info","message":"Processed image: 12.png"}
{"level":"info","message":"Processed image: 13.png"}
{"level":"info","message":"Processed image: 14.png"}
{"level":"info","message":"Processed image: 15.png"}
{"level":"info","message":"Processed image: 16.png"}
{"level":"info","message":"Processed image: 17.png"}
{"level":"info","message":"Processed image: 18.png"}
{"level":"info","message":"Processed image: 19.png"}
{"level":"info","message":"Processed image: 20.png"}
{"level":"info","message":"Processed image: 21.png"}
{"level":"info","message":"Processed image: 22.png"}
{"level":"info","message":"Processed image: 23.png"}
{"level":"info","message":"Processed image: 24.png"}
{"level":"info","message":"Processed image: 25.png"}
{"level":"info","message":"Processed image: 26.png"}
{"level":"info","message":"Processed image: 27.png"}
{"level":"info","message":"Processed image: 28.png"}
{"level":"info","message":"Processed image: 29.png"}
{"level":"info","message":"Processed image: 30.png"}
{"level":"info","message":"Processed image: 31.png"}
{"level":"info","message":"Processed image: 32.png"}
{"level":"info","message":"Processed image: 33.png"}
{"level":"info","message":"Processed image: 34.png"}
{"level":"info","message":"Processed image: 35.png"}
{"level":"info","message":"Finished creating animation frames"}
{"level":"info","message":"Cleard temp files"}
{"level":"info","message":"Cleard temp files"}
{"level":"info","message":"Starting frame splitting..."}
{"level":"info","message":"Finished frame splitting"}
{"level":"info","message":"Start creating animation frames..."}
{"level":"info","message":"Processed image: 1.png"}
{"level":"info","message":"Processed image: 2.png"}
{"level":"info","message":"Processed image: 3.png"}
{"level":"info","message":"Processed image: 4.png"}
{"level":"info","message":"Processed image: 5.png"}
{"level":"info","message":"Processed image: 6.png"}
{"level":"info","message":"Processed image: 7.png"}
{"level":"info","message":"Processed image: 8.png"}
{"level":"info","message":"Processed image: 9.png"}
{"level":"info","message":"Processed image: 10.png"}
{"level":"info","message":"Processed image: 11.png"}
{"level":"info","message":"Processed image: 12.png"}
{"level":"info","message":"Processed image: 13.png"}
{"level":"info","message":"Processed image: 14.png"}
{"level":"info","message":"Processed image: 15.png"}
{"level":"info","message":"Processed image: 16.png"}
{"level":"info","message":"Processed image: 17.png"}
{"level":"info","message":"Processed image: 18.png"}
{"level":"info","message":"Processed image: 19.png"}
{"level":"info","message":"Processed image: 20.png"}
{"level":"info","message":"Processed image: 21.png"}
{"level":"info","message":"Processed image: 22.png"}
{"level":"info","message":"Cleard temp files"}
{"level":"info","message":"Cleard temp files"}
{"level":"info","message":"Starting frame splitting..."}
{"level":"info","message":"Finished frame splitting"}
{"level":"info","message":"Start creating animation frames..."}
{"level":"info","message":"Processed image: 1.png"}
{"level":"info","message":"Processed image: 2.png"}
{"level":"info","message":"Processed image: 3.png"}
{"level":"info","message":"Processed image: 4.png"}
{"level":"info","message":"Processed image: 5.png"}
{"level":"info","message":"Processed image: 6.png"}
{"level":"info","message":"Processed image: 7.png"}
{"level":"info","message":"Processed image: 8.png"}
{"level":"info","message":"Processed image: 9.png"}
{"level":"info","message":"Processed image: 10.png"}
{"level":"info","message":"Processed image: 11.png"}
{"level":"info","message":"Processed image: 12.png"}
{"level":"info","message":"Processed image: 13.png"}
{"level":"info","message":"Processed image: 14.png"}
{"level":"info","message":"Processed image: 15.png"}
{"level":"info","message":"Processed image: 16.png"}
{"level":"info","message":"Processed image: 17.png"}
{"level":"info","message":"Processed image: 18.png"}
{"level":"info","message":"Processed image: 19.png"}
{"level":"info","message":"Processed image: 20.png"}
{"level":"info","message":"Processed image: 21.png"}
{"level":"info","message":"Processed image: 22.png"}
{"level":"info","message":"Processed image: 23.png"}
{"level":"info","message":"Processed image: 24.png"}
{"level":"info","message":"Processed image: 25.png"}
{"level":"info","message":"Processed image: 26.png"}
{"level":"info","message":"Processed image: 27.png"}
{"level":"info","message":"Processed image: 28.png"}
{"level":"info","message":"Processed image: 29.png"}
{"level":"info","message":"Processed image: 30.png"}
{"level":"info","message":"Processed image: 31.png"}
{"level":"info","message":"Processed image: 32.png"}
{"level":"info","message":"Processed image: 33.png"}
{"level":"info","message":"Processed image: 34.png"}
{"level":"info","message":"Processed image: 35.png"}
{"level":"info","message":"Processed image: 36.png"}
{"level":"info","message":"Processed image: 37.png"}
{"level":"info","message":"Processed image: 38.png"}
{"level":"info","message":"Processed image: 39.png"}
{"level":"info","message":"Processed image: 40.png"}
{"level":"info","message":"Processed image: 41.png"}
{"level":"info","message":"Processed image: 42.png"}
{"level":"info","message":"Processed image: 43.png"}
{"level":"info","message":"Processed image: 44.png"}
{"level":"info","message":"Processed image: 45.png"}
{"level":"info","message":"Processed image: 46.png"}
{"level":"info","message":"Processed image: 47.png"}
{"level":"info","message":"Processed image: 48.png"}
{"level":"info","message":"Processed image: 49.png"}
{"level":"info","message":"Processed image: 50.png"}
{"level":"info","message":"Processed image: 51.png"}
{"level":"info","message":"Processed image: 52.png"}
{"level":"info","message":"Processed image: 53.png"}
{"level":"info","message":"Processed image: 54.png"}
{"level":"info","message":"Processed image: 55.png"}
{"level":"info","message":"Processed image: 56.png"}
{"level":"info","message":"Processed image: 57.png"}
{"level":"info","message":"Processed image: 58.png"}
{"level":"info","message":"Processed image: 59.png"}
{"level":"info","message":"Processed image: 60.png"}
{"level":"info","message":"Processed image: 61.png"}
{"level":"info","message":"Processed image: 62.png"}
{"level":"info","message":"Processed image: 63.png"}
{"level":"info","message":"Processed image: 64.png"}
{"level":"info","message":"Processed image: 65.png"}
{"level":"info","message":"Processed image: 66.png"}
{"level":"info","message":"Processed image: 67.png"}
{"level":"info","message":"Processed image: 68.png"}
{"level":"info","message":"Processed image: 69.png"}
{"level":"info","message":"Processed image: 70.png"}
{"level":"info","message":"Processed image: 71.png"}
{"level":"info","message":"Processed image: 72.png"}
{"level":"info","message":"Processed image: 73.png"}
{"level":"info","message":"Processed image: 74.png"}
{"level":"info","message":"Processed image: 75.png"}
{"level":"info","message":"Processed image: 76.png"}
{"level":"info","message":"Processed image: 77.png"}
{"level":"info","message":"Processed image: 78.png"}
{"level":"info","message":"Processed image: 79.png"}
{"level":"info","message":"Processed image: 80.png"}
{"level":"info","message":"Processed image: 81.png"}
{"level":"info","message":"Processed image: 82.png"}
{"level":"info","message":"Processed image: 83.png"}
{"level":"info","message":"Processed image: 84.png"}
{"level":"info","message":"Processed image: 85.png"}
{"level":"info","message":"Processed image: 86.png"}
{"level":"info","message":"Processed image: 87.png"}
{"level":"info","message":"Processed image: 88.png"}
{"level":"info","message":"Processed image: 89.png"}
{"level":"info","message":"Processed image: 90.png"}
{"level":"info","message":"Processed image: 91.png"}
{"level":"info","message":"Processed image: 92.png"}
{"level":"info","message":"Processed image: 93.png"}
{"level":"info","message":"Processed image: 94.png"}
{"level":"info","message":"Processed image: 95.png"}
{"level":"info","message":"Processed image: 96.png"}
{"level":"info","message":"Processed image: 97.png"}
{"level":"info","message":"Processed image: 98.png"}
{"level":"info","message":"Processed image: 99.png"}
{"level":"info","message":"Processed image: 100.png"}
{"level":"info","message":"Processed image: 101.png"}
{"level":"info","message":"Processed image: 102.png"}
{"level":"info","message":"Processed image: 103.png"}
{"level":"info","message":"Processed image: 104.png"}
{"level":"info","message":"Processed image: 105.png"}
{"level":"info","message":"Processed image: 106.png"}
{"level":"info","message":"Processed image: 107.png"}
{"level":"info","message":"Processed image: 108.png"}
{"level":"info","message":"Processed image: 109.png"}
{"level":"info","message":"Processed image: 110.png"}
{"level":"info","message":"Processed image: 111.png"}
{"level":"info","message":"Processed image: 112.png"}
{"level":"info","message":"Processed image: 113.png"}
{"level":"info","message":"Processed image: 114.png"}
{"level":"info","message":"Processed image: 115.png"}
{"level":"info","message":"Processed image: 116.png"}
{"level":"info","message":"Processed image: 117.png"}
{"level":"info","message":"Processed image: 118.png"}
{"level":"info","message":"Processed image: 119.png"}
{"level":"info","message":"Processed image: 120.png"}
{"level":"info","message":"Processed image: 121.png"}
{"level":"info","message":"Processed image: 122.png"}
{"level":"info","message":"Processed image: 123.png"}
{"level":"info","message":"Processed image: 124.png"}
{"level":"info","message":"Processed image: 125.png"}
{"level":"info","message":"Processed image: 126.png"}
{"level":"info","message":"Processed image: 127.png"}
{"level":"info","message":"Processed image: 128.png"}
{"level":"info","message":"Processed image: 129.png"}
{"level":"info","message":"Processed image: 130.png"}
{"level":"info","message":"Processed image: 131.png"}
{"level":"info","message":"Processed image: 132.png"}
{"level":"info","message":"Processed image: 133.png"}
{"level":"info","message":"Processed image: 134.png"}
{"level":"info","message":"Processed image: 135.png"}
{"level":"info","message":"Processed image: 136.png"}
{"level":"info","message":"Processed image: 137.png"}
{"level":"info","message":"Processed image: 138.png"}
{"level":"info","message":"Processed image: 139.png"}
{"level":"info","message":"Processed image: 140.png"}
{"level":"info","message":"Processed image: 141.png"}
{"level":"info","message":"Processed image: 142.png"}
{"level":"info","message":"Processed image: 143.png"}
{"level":"info","message":"Processed image: 144.png"}
{"level":"info","message":"Processed image: 145.png"}
{"level":"info","message":"Processed image: 146.png"}
{"level":"info","message":"Processed image: 147.png"}
{"level":"info","message":"Processed image: 148.png"}
{"level":"info","message":"Processed image: 149.png"}
{"level":"info","message":"Processed image: 150.png"}
{"level":"info","message":"Processed image: 151.png"}
{"level":"info","message":"Processed image: 152.png"}
{"level":"info","message":"Processed image: 153.png"}
{"level":"info","message":"Processed image: 154.png"}
{"level":"info","message":"Processed image: 155.png"}
{"level":"info","message":"Processed image: 156.png"}
{"level":"info","message":"Processed image: 157.png"}
{"level":"info","message":"Processed image: 158.png"}
{"level":"info","message":"Processed image: 159.png"}
{"level":"info","message":"Processed image: 160.png"}
{"level":"info","message":"Processed image: 161.png"}
{"level":"info","message":"Processed image: 162.png"}
{"level":"info","message":"Processed image: 163.png"}
{"level":"info","message":"Processed image: 164.png"}
{"level":"info","message":"Processed image: 165.png"}
{"level":"info","message":"Processed image: 166.png"}
{"level":"info","message":"Processed image: 167.png"}
{"level":"info","message":"Processed image: 168.png"}
{"level":"info","message":"Processed image: 169.png"}
{"level":"info","message":"Processed image: 170.png"}
{"level":"info","message":"Processed image: 171.png"}
{"level":"info","message":"Processed image: 172.png"}
{"level":"info","message":"Processed image: 173.png"}
{"level":"info","message":"Processed image: 174.png"}
{"level":"info","message":"Finished creating animation frames"}
{"level":"info","message":"Cleard temp files"}
{"level":"info","message":"Cleard temp files"}
{"level":"info","message":"Starting frame splitting..."}
{"level":"info","message":"Finished frame splitting"}
{"level":"info","message":"Start creating animation frames..."}
{"level":"info","message":"Processed image: 1.png"}
{"level":"info","message":"Processed image: 2.png"}
{"level":"info","message":"Processed image: 3.png"}
{"level":"info","message":"Processed image: 4.png"}
{"level":"info","message":"Processed image: 5.png"}
{"level":"info","message":"Processed image: 6.png"}
{"level":"info","message":"Processed image: 7.png"}
{"level":"info","message":"Processed image: 8.png"}
{"level":"info","message":"Processed image: 9.png"}
{"level":"info","message":"Processed image: 10.png"}
{"level":"info","message":"Processed image: 11.png"}
{"level":"info","message":"Processed image: 12.png"}
{"level":"info","message":"Processed image: 13.png"}
{"level":"info","message":"Processed image: 14.png"}
{"level":"info","message":"Processed image: 15.png"}
{"level":"info","message":"Processed image: 16.png"}
{"level":"info","message":"Processed image: 17.png"}
{"level":"info","message":"Processed image: 18.png"}
{"level":"info","message":"Processed image: 19.png"}
{"level":"info","message":"Processed image: 20.png"}
{"level":"info","message":"Processed image: 21.png"}
{"level":"info","message":"Processed image: 22.png"}
{"level":"info","message":"Processed image: 23.png"}
{"level":"info","message":"Processed image: 24.png"}
{"level":"info","message":"Processed image: 25.png"}
{"level":"info","message":"Processed image: 26.png"}
{"level":"info","message":"Processed image: 27.png"}
{"level":"info","message":"Processed image: 28.png"}
{"level":"info","message":"Processed image: 29.png"}
{"level":"info","message":"Processed image: 30.png"}
{"level":"info","message":"Processed image: 31.png"}
{"level":"info","message":"Processed image: 32.png"}
{"level":"info","message":"Processed image: 33.png"}
{"level":"info","message":"Processed image: 34.png"}
{"level":"info","message":"Processed image: 35.png"}
{"level":"info","message":"Processed image: 36.png"}
{"level":"info","message":"Processed image: 37.png"}
{"level":"info","message":"Processed image: 38.png"}
{"level":"info","message":"Processed image: 39.png"}
{"level":"info","message":"Processed image: 40.png"}
{"level":"info","message":"Processed image: 41.png"}
{"level":"info","message":"Processed image: 42.png"}
{"level":"info","message":"Processed image: 43.png"}
{"level":"info","message":"Processed image: 44.png"}
{"level":"info","message":"Processed image: 45.png"}
{"level":"info","message":"Processed image: 46.png"}
{"level":"info","message":"Processed image: 47.png"}
{"level":"info","message":"Processed image: 48.png"}
{"level":"info","message":"Processed image: 49.png"}
{"level":"info","message":"Processed image: 50.png"}
{"level":"info","message":"Processed image: 51.png"}
{"level":"info","message":"Processed image: 52.png"}
{"level":"info","message":"Processed image: 53.png"}
{"level":"info","message":"Processed image: 54.png"}
{"level":"info","message":"Processed image: 55.png"}
{"level":"info","message":"Processed image: 56.png"}
{"level":"info","message":"Processed image: 57.png"}
{"level":"info","message":"Processed image: 58.png"}
{"level":"info","message":"Processed image: 59.png"}
{"level":"info","message":"Processed image: 60.png"}
{"level":"info","message":"Processed image: 61.png"}
{"level":"info","message":"Processed image: 62.png"}
{"level":"info","message":"Processed image: 63.png"}
{"level":"info","message":"Processed image: 64.png"}
{"level":"info","message":"Processed image: 65.png"}
{"level":"info","message":"Processed image: 66.png"}
{"level":"info","message":"Processed image: 67.png"}
{"level":"info","message":"Processed image: 68.png"}
{"level":"info","message":"Processed image: 69.png"}
{"level":"info","message":"Processed image: 70.png"}
{"level":"info","message":"Processed image: 71.png"}
{"level":"info","message":"Processed image: 72.png"}
{"level":"info","message":"Processed image: 73.png"}
{"level":"info","message":"Processed image: 74.png"}
{"level":"info","message":"Processed image: 75.png"}
{"level":"info","message":"Processed image: 76.png"}
{"level":"info","message":"Processed image: 77.png"}
{"level":"info","message":"Processed image: 78.png"}
{"level":"info","message":"Processed image: 79.png"}
{"level":"info","message":"Processed image: 80.png"}
{"level":"info","message":"Processed image: 81.png"}
{"level":"info","message":"Processed image: 82.png"}
{"level":"info","message":"Processed image: 83.png"}
{"level":"info","message":"Processed image: 84.png"}
{"level":"info","message":"Processed image: 85.png"}
{"level":"info","message":"Processed image: 86.png"}
{"level":"info","message":"Processed image: 87.png"}
{"level":"info","message":"Processed image: 88.png"}
{"level":"info","message":"Processed image: 89.png"}
{"level":"info","message":"Processed image: 90.png"}
{"level":"info","message":"Processed image: 91.png"}
{"level":"info","message":"Processed image: 92.png"}
{"level":"info","message":"Processed image: 93.png"}
{"level":"info","message":"Processed image: 94.png"}
{"level":"info","message":"Processed image: 95.png"}
{"level":"info","message":"Processed image: 96.png"}
{"level":"info","message":"Processed image: 97.png"}
{"level":"info","message":"Processed image: 98.png"}
{"level":"info","message":"Processed image: 99.png"}
{"level":"info","message":"Processed image: 100.png"}
{"level":"info","message":"Processed image: 101.png"}
{"level":"info","message":"Processed image: 102.png"}
{"level":"info","message":"Processed image: 103.png"}
{"level":"info","message":"Processed image: 104.png"}
{"level":"info","message":"Processed image: 105.png"}
{"level":"info","message":"Processed image: 106.png"}
{"level":"info","message":"Processed image: 107.png"}
{"level":"info","message":"Processed image: 108.png"}
{"level":"info","message":"Processed image: 109.png"}
{"level":"info","message":"Processed image: 110.png"}
{"level":"info","message":"Processed image: 111.png"}
{"level":"info","message":"Processed image: 112.png"}
{"level":"info","message":"Processed image: 113.png"}
{"level":"info","message":"Processed image: 114.png"}
{"level":"info","message":"Processed image: 115.png"}
{"level":"info","message":"Processed image: 116.png"}
{"level":"info","message":"Processed image: 117.png"}
{"level":"info","message":"Processed image: 118.png"}
{"level":"info","message":"Processed image: 119.png"}
{"level":"info","message":"Processed image: 120.png"}
{"level":"info","message":"Processed image: 121.png"}
{"level":"info","message":"Processed image: 122.png"}
{"level":"info","message":"Processed image: 123.png"}
{"level":"info","message":"Processed image: 124.png"}
{"level":"info","message":"Processed image: 125.png"}
{"level":"info","message":"Processed image: 126.png"}
{"level":"info","message":"Processed image: 127.png"}
{"level":"info","message":"Processed image: 128.png"}
{"level":"info","message":"Processed image: 129.png"}
{"level":"info","message":"Processed image: 130.png"}
{"level":"info","message":"Processed image: 131.png"}
{"level":"info","message":"Processed image: 132.png"}
{"level":"info","message":"Processed image: 133.png"}
{"level":"info","message":"Processed image: 134.png"}
{"level":"info","message":"Processed image: 135.png"}
{"level":"info","message":"Processed image: 136.png"}
{"level":"info","message":"Processed image: 137.png"}
{"level":"info","message":"Processed image: 138.png"}
{"level":"info","message":"Processed image: 139.png"}
{"level":"info","message":"Processed image: 140.png"}
{"level":"info","message":"Processed image: 141.png"}
{"level":"info","message":"Processed image: 142.png"}
{"level":"info","message":"Processed image: 143.png"}
{"level":"info","message":"Processed image: 144.png"}
{"level":"info","message":"Processed image: 145.png"}
{"level":"info","message":"Processed image: 146.png"}
{"level":"info","message":"Processed image: 147.png"}
{"level":"info","message":"Processed image: 148.png"}
{"level":"info","message":"Processed image: 149.png"}
{"level":"info","message":"Processed image: 150.png"}
{"level":"info","message":"Processed image: 151.png"}
{"level":"info","message":"Processed image: 152.png"}
{"level":"info","message":"Processed image: 153.png"}
{"level":"info","message":"Processed image: 154.png"}
{"level":"info","message":"Processed image: 155.png"}
{"level":"info","message":"Processed image: 156.png"}
{"level":"info","message":"Processed image: 157.png"}
{"level":"info","message":"Processed image: 158.png"}
{"level":"info","message":"Processed image: 159.png"}
{"level":"info","message":"Processed image: 160.png"}
{"level":"info","message":"Processed image: 161.png"}
{"level":"info","message":"Processed image: 162.png"}
{"level":"info","message":"Processed image: 163.png"}
{"level":"info","message":"Processed image: 164.png"}
{"level":"info","message":"Processed image: 165.png"}
{"level":"info","message":"Processed image: 166.png"}
{"level":"info","message":"Processed image: 167.png"}
{"level":"info","message":"Processed image: 168.png"}
{"level":"info","message":"Processed image: 169.png"}
{"level":"info","message":"Processed image: 170.png"}
{"level":"info","message":"Processed image: 171.png"}
{"level":"info","message":"Processed image: 172.png"}
{"level":"info","message":"Processed image: 173.png"}
{"level":"info","message":"Processed image: 174.png"}
{"level":"info","message":"Finished creating animation frames"}
{"level":"info","message":"Spritesheet finished"}
{"level":"info","message":"Cleard temp files"}
{"level":"info","message":"Cleard temp files"}
{"level":"info","message":"Starting frame splitting..."}
